0 info it worked if it ends with ok
1 verbose cli [ '/usr/local/bin/node', '/usr/local/bin/npm', 'run', 'build' ]
2 info using npm@6.14.4
3 info using node@v12.17.0
4 verbose run-script [ 'prebuild', 'build', 'postbuild' ]
5 info lifecycle healthapp@0.1.0~prebuild: healthapp@0.1.0
6 info lifecycle healthapp@0.1.0~build: healthapp@0.1.0
7 verbose lifecycle healthapp@0.1.0~build: unsafe-perm in lifecycle true
8 verbose lifecycle healthapp@0.1.0~build: PATH: /usr/local/lib/node_modules/npm/node_modules/npm-lifecycle/node-gyp-bin:/Users/gonzaloberro/Documents/React Project/HealthAppWar/frontend/node_modules/.bin:/usr/local/bin:/usr/bin:/bin:/usr/sbin:/sbin:/opt/X11/bin:/Library/Apple/usr/bin
9 verbose lifecycle healthapp@0.1.0~build: CWD: /Users/gonzaloberro/Documents/React Project/HealthAppWar/frontend
10 silly lifecycle healthapp@0.1.0~build: Args: [ '-c', 'react-scripts build' ]
11 silly lifecycle healthapp@0.1.0~build: Returned: code: 1  signal: null
12 info lifecycle healthapp@0.1.0~build: Failed to exec build script
13 verbose stack Error: healthapp@0.1.0 build: `react-scripts build`
13 verbose stack Exit status 1
13 verbose stack     at EventEmitter.<anonymous> (/usr/local/lib/node_modules/npm/node_modules/npm-lifecycle/index.js:332:16)
13 verbose stack     at EventEmitter.emit (events.js:315:20)
13 verbose stack     at ChildProcess.<anonymous> (/usr/local/lib/node_modules/npm/node_modules/npm-lifecycle/lib/spawn.js:55:14)
13 verbose stack     at ChildProcess.emit (events.js:315:20)
13 verbose stack     at maybeClose (internal/child_process.js:1021:16)
13 verbose stack     at Process.ChildProcess._handle.onexit (internal/child_process.js:286:5)
14 verbose pkgid healthapp@0.1.0
15 verbose cwd /Users/gonzaloberro/Documents/React Project/HealthAppWar/frontend
16 verbose Darwin 19.4.0
17 verbose argv "/usr/local/bin/node" "/usr/local/bin/npm" "run" "build"
18 verbose node v12.17.0
19 verbose npm  v6.14.4
20 error code ELIFECYCLE
21 error errno 1
22 error healthapp@0.1.0 build: `react-scripts build`
22 error Exit status 1
23 error Failed at the healthapp@0.1.0 build script.
23 error This is probably not a problem with npm. There is likely additional logging output above.
24 verbose exit [ 1, true ]
